<?xml version="1.0" encoding="utf-8" standalone="no"?>
<test-run id="2" testcasecount="35" result="Failed" total="35" passed="25" failed="10" inconclusive="0" skipped="0" asserts="30" engine-version="3.8.0.0" clr-version="4.0.30319.42000" start-time="2018-08-28 21:37:02Z" end-time="2018-08-28 21:37:07Z" duration="5.577883">
  <command-line><![CDATA["C:\Users\HWOARANG\.nuget\packages\NUnit.ConsoleRunner\3.8.0\tools\nunit3-console.exe" "D:\Dev\Projects\Heleonix\Heleonix.Build\NetSimulator\NetSimulator.Tests\bin\Debug\net45\publish\NetSimulator.Tests.dll" "D:\Dev\Projects\Heleonix\Heleonix.Build\NetSimulator\NetSimulator.Tests\bin\Debug\net451\publish\NetSimulator.Tests.dll" "D:\Dev\Projects\Heleonix\Heleonix.Build\NetSimulator\NetSimulator.Tests\bin\Debug\net452\publish\NetSimulator.Tests.dll" "D:\Dev\Projects\Heleonix\Heleonix.Build\NetSimulator\NetSimulator.Tests\bin\Debug\net46\publish\NetSimulator.Tests.dll" "D:\Dev\Projects\Heleonix\Heleonix.Build\NetSimulator\NetSimulator.Tests\bin\Debug\net472\publish\NetSimulator.Tests.dll" --result="D:\Dev\Projects\Heleonix\Heleonix.Build\Heleonix.Build.Tests\bin\Debug\net472\egn21hfq.jmh\Results.txt" --agents=3 --output="D:\Dev\Projects\Heleonix\Heleonix.Build\Heleonix.Build.Tests\bin\Debug\net472\egn21hfq.jmh\Output.txt" --err="D:\Dev\Projects\Heleonix\Heleonix.Build\Heleonix.Build.Tests\bin\Debug\net472\egn21hfq.jmh\Errors.txt"]]></command-line>
  <test-suite type="Assembly" id="1-1013" name="NetSimulator.Tests.dll" fullname="D:\Dev\Projects\Heleonix\Heleonix.Build\NetSimulator\NetSimulator.Tests\bin\Debug\net45\publish\NetSimulator.Tests.dll" runstate="Runnable" testcasecount="7" result="Failed" site="Child" start-time="2018-08-28 21:37:04Z" end-time="2018-08-28 21:37:05Z" duration="0.362982" total="7" passed="5" failed="2" warnings="0" inconclusive="0" skipped="0" asserts="6">
    <environment framework-version="3.9.0.0" clr-version="4.0.30319.42000" os-version="Microsoft Windows NT 10.0.17134.0" platform="Win32NT" cwd="C:\Program Files (x86)\Microsoft Visual Studio\2017\Community\Common7\IDE" machine-name="HWOARANG" user="HWOARANG" user-domain="HWOARANG" culture="uk-UA" uiculture="en-US" os-architecture="x64" />
    <settings>
      <setting name="DisposeRunners" value="True" />
      <setting name="WorkDirectory" value="C:\Program Files (x86)\Microsoft Visual Studio\2017\Community\Common7\IDE" />
      <setting name="MaxAgents" value="3" />
      <setting name="ImageRuntimeVersion" value="4.0.30319" />
      <setting name="ImageTargetFrameworkName" value=".NETFramework,Version=v4.5" />
      <setting name="ImageRequiresX86" value="False" />
      <setting name="ImageRequiresDefaultAppDomainAssemblyResolver" value="False" />
      <setting name="NumberOfTestWorkers" value="8" />
    </settings>
    <properties>
      <property name="_PID" value="6264" />
      <property name="_APPDOMAIN" value="domain-bbe48ccb-NetSimulator.Tests.dll" />
    </properties>
    <failure>
      <message><![CDATA[One or more child tests had errors]]></message>
    </failure>
    <test-suite type="TestSuite" id="1-1014" name="NetSimulator" fullname="NetSimulator" runstate="Runnable" testcasecount="7" result="Failed" site="Child" start-time="2018-08-28 21:37:04Z" end-time="2018-08-28 21:37:05Z" duration="0.295475" total="7" passed="5" failed="2" warnings="0" inconclusive="0" skipped="0" asserts="6">
      <failure>
        <message><![CDATA[One or more child tests had errors]]></message>
      </failure>
      <test-suite type="TestFixture" id="1-1000" name="FullyCoveredTypeTests" fullname="NetSimulator.FullyCoveredTypeTests" classname="NetSimulator.FullyCoveredTypeTests" runstate="Runnable" testcasecount="1" result="Passed" start-time="2018-08-28 21:37:04Z" end-time="2018-08-28 21:37:04Z" duration="0.078532" total="1" passed="1" failed="0" warnings="0" inconclusive="0" skipped="0" asserts="0">
        <test-case id="1-1001" name="PlusOne" fullname="NetSimulator.FullyCoveredTypeTests.PlusOne" methodname="PlusOne" classname="NetSimulator.FullyCoveredTypeTests" runstate="Runnable" seed="912141876" result="Passed" start-time="2018-08-28 21:37:04Z" end-time="2018-08-28 21:37:04Z" duration="0.028811" asserts="0" />
      </test-suite>
      <test-suite type="TestSuite" id="1-1015" name="Tests" fullname="NetSimulator.Tests" runstate="Runnable" testcasecount="6" result="Failed" site="Child" start-time="2018-08-28 21:37:04Z" end-time="2018-08-28 21:37:05Z" duration="0.292326" total="6" passed="4" failed="2" warnings="0" inconclusive="0" skipped="0" asserts="6">
        <failure>
          <message><![CDATA[One or more child tests had errors]]></message>
        </failure>
        <test-suite type="TestFixture" id="1-1002" name="CalculatorTests" fullname="NetSimulator.Tests.CalculatorTests" classname="NetSimulator.Tests.CalculatorTests" runstate="Runnable" testcasecount="5" result="Failed" site="Child" start-time="2018-08-28 21:37:04Z" end-time="2018-08-28 21:37:05Z" duration="0.183360" total="5" passed="3" failed="2" warnings="0" inconclusive="0" skipped="0" asserts="5">
          <failure>
            <message><![CDATA[One or more child tests had errors]]></message>
          </failure>
          <test-suite type="ParameterizedMethod" id="1-1009" name="Add" fullname="NetSimulator.Tests.CalculatorTests.Add" classname="NetSimulator.Tests.CalculatorTests" runstate="Runnable" testcasecount="4" result="Failed" site="Child" start-time="2018-08-28 21:37:04Z" end-time="2018-08-28 21:37:05Z" duration="0.182133" total="4" passed="2" failed="2" warnings="0" inconclusive="0" skipped="0" asserts="4">
            <failure>
              <message><![CDATA[One or more child tests had errors]]></message>
            </failure>
            <test-case id="1-1005" name="Add(1,2)" fullname="NetSimulator.Tests.CalculatorTests.Add(1,2)" methodname="Add" classname="NetSimulator.Tests.CalculatorTests" runstate="Runnable" seed="1793124239" result="Passed" start-time="2018-08-28 21:37:04Z" end-time="2018-08-28 21:37:04Z" duration="0.047144" asserts="1" />
            <test-case id="1-1006" name="Add(2,2)" fullname="NetSimulator.Tests.CalculatorTests.Add(2,2)" methodname="Add" classname="NetSimulator.Tests.CalculatorTests" runstate="Runnable" seed="1869128309" result="Passed" start-time="2018-08-28 21:37:04Z" end-time="2018-08-28 21:37:04Z" duration="0.000301" asserts="1" />
            <test-case id="1-1007" name="Add(3,2)" fullname="NetSimulator.Tests.CalculatorTests.Add(3,2)" methodname="Add" classname="NetSimulator.Tests.CalculatorTests" runstate="Runnable" seed="476342012" result="Failed" start-time="2018-08-28 21:37:04Z" end-time="2018-08-28 21:37:05Z" duration="0.132957" asserts="1">
              <failure>
                <message><![CDATA[  Expected: 10
  But was:  5
]]></message>
                <stack-trace><![CDATA[   at NUnit.Framework.Internal.Commands.TestMethodCommand.Execute(TestExecutionContext context)
   at NUnit.Framework.Internal.Execution.SimpleWorkItem.PerformWork()
]]></stack-trace>
              </failure>
              <assertions>
                <assertion result="Failed">
                  <message><![CDATA[  Expected: 10
  But was:  5
]]></message>
                  <stack-trace><![CDATA[   at NUnit.Framework.Internal.Commands.TestMethodCommand.Execute(TestExecutionContext context)
   at NUnit.Framework.Internal.Execution.SimpleWorkItem.PerformWork()
]]></stack-trace>
                </assertion>
              </assertions>
            </test-case>
            <test-case id="1-1008" name="Add(3,2)" fullname="NetSimulator.Tests.CalculatorTests.Add(3,2)" methodname="Add" classname="NetSimulator.Tests.CalculatorTests" runstate="Runnable" seed="1026580673" result="Failed" start-time="2018-08-28 21:37:05Z" end-time="2018-08-28 21:37:05Z" duration="0.000532" asserts="1">
              <failure>
                <message><![CDATA[  Expected: 20
  But was:  5
]]></message>
                <stack-trace><![CDATA[   at NUnit.Framework.Internal.Commands.TestMethodCommand.Execute(TestExecutionContext context)
   at NUnit.Framework.Internal.Execution.SimpleWorkItem.PerformWork()
]]></stack-trace>
              </failure>
              <assertions>
                <assertion result="Failed">
                  <message><![CDATA[  Expected: 20
  But was:  5
]]></message>
                  <stack-trace><![CDATA[   at NUnit.Framework.Internal.Commands.TestMethodCommand.Execute(TestExecutionContext context)
   at NUnit.Framework.Internal.Execution.SimpleWorkItem.PerformWork()
]]></stack-trace>
                </assertion>
              </assertions>
            </test-case>
          </test-suite>
          <test-suite type="ParameterizedMethod" id="1-1004" name="Min" fullname="NetSimulator.Tests.CalculatorTests.Min" classname="NetSimulator.Tests.CalculatorTests" runstate="Runnable" testcasecount="1" result="Passed" start-time="2018-08-28 21:37:05Z" end-time="2018-08-28 21:37:05Z" duration="0.000974" total="1" passed="1" failed="0" warnings="0" inconclusive="0" skipped="0" asserts="1">
            <test-case id="1-1003" name="Min(1,2)" fullname="NetSimulator.Tests.CalculatorTests.Min(1,2)" methodname="Min" classname="NetSimulator.Tests.CalculatorTests" runstate="Runnable" seed="1828974777" result="Passed" start-time="2018-08-28 21:37:05Z" end-time="2018-08-28 21:37:05Z" duration="0.000842" asserts="1" />
          </test-suite>
        </test-suite>
        <test-suite type="TestFixture" id="1-1010" name="TokenizerTests" fullname="NetSimulator.Tests.TokenizerTests" classname="NetSimulator.Tests.TokenizerTests" runstate="Runnable" testcasecount="1" result="Passed" start-time="2018-08-28 21:37:05Z" end-time="2018-08-28 21:37:05Z" duration="0.004699" total="1" passed="1" failed="0" warnings="0" inconclusive="0" skipped="0" asserts="1">
          <test-suite type="ParameterizedMethod" id="1-1012" name="Split" fullname="NetSimulator.Tests.TokenizerTests.Split" classname="NetSimulator.Tests.TokenizerTests" runstate="Runnable" testcasecount="1" result="Passed" start-time="2018-08-28 21:37:05Z" end-time="2018-08-28 21:37:05Z" duration="0.004563" total="1" passed="1" failed="0" warnings="0" inconclusive="0" skipped="0" asserts="1">
            <test-case id="1-1011" name="Split(&quot;1,2,3&quot;)" fullname="NetSimulator.Tests.TokenizerTests.Split(&quot;1,2,3&quot;)" methodname="Split" classname="NetSimulator.Tests.TokenizerTests" runstate="Runnable" seed="253368892" result="Passed" start-time="2018-08-28 21:37:05Z" end-time="2018-08-28 21:37:05Z" duration="0.004435" asserts="1" />
          </test-suite>
        </test-suite>
      </test-suite>
    </test-suite>
  </test-suite>
  <test-suite type="Assembly" id="2-1013" name="NetSimulator.Tests.dll" fullname="D:\Dev\Projects\Heleonix\Heleonix.Build\NetSimulator\NetSimulator.Tests\bin\Debug\net451\publish\NetSimulator.Tests.dll" runstate="Runnable" testcasecount="7" result="Failed" site="Child" start-time="2018-08-28 21:37:04Z" end-time="2018-08-28 21:37:05Z" duration="0.408132" total="7" passed="5" failed="2" warnings="0" inconclusive="0" skipped="0" asserts="6">
    <environment framework-version="3.9.0.0" clr-version="4.0.30319.42000" os-version="Microsoft Windows NT 10.0.17134.0" platform="Win32NT" cwd="C:\Program Files (x86)\Microsoft Visual Studio\2017\Community\Common7\IDE" machine-name="HWOARANG" user="HWOARANG" user-domain="HWOARANG" culture="uk-UA" uiculture="en-US" os-architecture="x64" />
    <settings>
      <setting name="DisposeRunners" value="True" />
      <setting name="WorkDirectory" value="C:\Program Files (x86)\Microsoft Visual Studio\2017\Community\Common7\IDE" />
      <setting name="MaxAgents" value="3" />
      <setting name="ImageRuntimeVersion" value="4.0.30319" />
      <setting name="ImageTargetFrameworkName" value=".NETFramework,Version=v4.5.1" />
      <setting name="ImageRequiresX86" value="False" />
      <setting name="ImageRequiresDefaultAppDomainAssemblyResolver" value="False" />
      <setting name="NumberOfTestWorkers" value="8" />
    </settings>
    <properties>
      <property name="_PID" value="10460" />
      <property name="_APPDOMAIN" value="domain-bbe48ccb-NetSimulator.Tests.dll" />
    </properties>
    <failure>
      <message><![CDATA[One or more child tests had errors]]></message>
    </failure>
    <test-suite type="TestSuite" id="2-1014" name="NetSimulator" fullname="NetSimulator" runstate="Runnable" testcasecount="7" result="Failed" site="Child" start-time="2018-08-28 21:37:04Z" end-time="2018-08-28 21:37:05Z" duration="0.338110" total="7" passed="5" failed="2" warnings="0" inconclusive="0" skipped="0" asserts="6">
      <failure>
        <message><![CDATA[One or more child tests had errors]]></message>
      </failure>
      <test-suite type="TestFixture" id="2-1000" name="FullyCoveredTypeTests" fullname="NetSimulator.FullyCoveredTypeTests" classname="NetSimulator.FullyCoveredTypeTests" runstate="Runnable" testcasecount="1" result="Passed" start-time="2018-08-28 21:37:04Z" end-time="2018-08-28 21:37:04Z" duration="0.116457" total="1" passed="1" failed="0" warnings="0" inconclusive="0" skipped="0" asserts="0">
        <test-case id="2-1001" name="PlusOne" fullname="NetSimulator.FullyCoveredTypeTests.PlusOne" methodname="PlusOne" classname="NetSimulator.FullyCoveredTypeTests" runstate="Runnable" seed="787166662" result="Passed" start-time="2018-08-28 21:37:04Z" end-time="2018-08-28 21:37:04Z" duration="0.080286" asserts="0" />
      </test-suite>
      <test-suite type="TestSuite" id="2-1015" name="Tests" fullname="NetSimulator.Tests" runstate="Runnable" testcasecount="6" result="Failed" site="Child" start-time="2018-08-28 21:37:04Z" end-time="2018-08-28 21:37:05Z" duration="0.331981" total="6" passed="4" failed="2" warnings="0" inconclusive="0" skipped="0" asserts="6">
        <failure>
          <message><![CDATA[One or more child tests had errors]]></message>
        </failure>
        <test-suite type="TestFixture" id="2-1002" name="CalculatorTests" fullname="NetSimulator.Tests.CalculatorTests" classname="NetSimulator.Tests.CalculatorTests" runstate="Runnable" testcasecount="5" result="Failed" site="Child" start-time="2018-08-28 21:37:04Z" end-time="2018-08-28 21:37:05Z" duration="0.176325" total="5" passed="3" failed="2" warnings="0" inconclusive="0" skipped="0" asserts="5">
          <failure>
            <message><![CDATA[One or more child tests had errors]]></message>
          </failure>
          <test-suite type="ParameterizedMethod" id="2-1009" name="Add" fullname="NetSimulator.Tests.CalculatorTests.Add" classname="NetSimulator.Tests.CalculatorTests" runstate="Runnable" testcasecount="4" result="Failed" site="Child" start-time="2018-08-28 21:37:04Z" end-time="2018-08-28 21:37:05Z" duration="0.175249" total="4" passed="2" failed="2" warnings="0" inconclusive="0" skipped="0" asserts="4">
            <failure>
              <message><![CDATA[One or more child tests had errors]]></message>
            </failure>
            <test-case id="2-1005" name="Add(1,2)" fullname="NetSimulator.Tests.CalculatorTests.Add(1,2)" methodname="Add" classname="NetSimulator.Tests.CalculatorTests" runstate="Runnable" seed="841190924" result="Passed" start-time="2018-08-28 21:37:04Z" end-time="2018-08-28 21:37:05Z" duration="0.060392" asserts="1" />
            <test-case id="2-1006" name="Add(2,2)" fullname="NetSimulator.Tests.CalculatorTests.Add(2,2)" methodname="Add" classname="NetSimulator.Tests.CalculatorTests" runstate="Runnable" seed="261158603" result="Passed" start-time="2018-08-28 21:37:05Z" end-time="2018-08-28 21:37:05Z" duration="0.000368" asserts="1" />
            <test-case id="2-1007" name="Add(3,2)" fullname="NetSimulator.Tests.CalculatorTests.Add(3,2)" methodname="Add" classname="NetSimulator.Tests.CalculatorTests" runstate="Runnable" seed="1191160173" result="Failed" start-time="2018-08-28 21:37:05Z" end-time="2018-08-28 21:37:05Z" duration="0.112762" asserts="1">
              <failure>
                <message><![CDATA[  Expected: 10
  But was:  5
]]></message>
                <stack-trace><![CDATA[   at NUnit.Framework.Internal.Commands.TestMethodCommand.Execute(TestExecutionContext context)
   at NUnit.Framework.Internal.Execution.SimpleWorkItem.PerformWork()
]]></stack-trace>
              </failure>
              <assertions>
                <assertion result="Failed">
                  <message><![CDATA[  Expected: 10
  But was:  5
]]></message>
                  <stack-trace><![CDATA[   at NUnit.Framework.Internal.Commands.TestMethodCommand.Execute(TestExecutionContext context)
   at NUnit.Framework.Internal.Execution.SimpleWorkItem.PerformWork()
]]></stack-trace>
                </assertion>
              </assertions>
            </test-case>
            <test-case id="2-1008" name="Add(3,2)" fullname="NetSimulator.Tests.CalculatorTests.Add(3,2)" methodname="Add" classname="NetSimulator.Tests.CalculatorTests" runstate="Runnable" seed="421570245" result="Failed" start-time="2018-08-28 21:37:05Z" end-time="2018-08-28 21:37:05Z" duration="0.000514" asserts="1">
              <failure>
                <message><![CDATA[  Expected: 20
  But was:  5
]]></message>
                <stack-trace><![CDATA[   at NUnit.Framework.Internal.Commands.TestMethodCommand.Execute(TestExecutionContext context)
   at NUnit.Framework.Internal.Execution.SimpleWorkItem.PerformWork()
]]></stack-trace>
              </failure>
              <assertions>
                <assertion result="Failed">
                  <message><![CDATA[  Expected: 20
  But was:  5
]]></message>
                  <stack-trace><![CDATA[   at NUnit.Framework.Internal.Commands.TestMethodCommand.Execute(TestExecutionContext context)
   at NUnit.Framework.Internal.Execution.SimpleWorkItem.PerformWork()
]]></stack-trace>
                </assertion>
              </assertions>
            </test-case>
          </test-suite>
          <test-suite type="ParameterizedMethod" id="2-1004" name="Min" fullname="NetSimulator.Tests.CalculatorTests.Min" classname="NetSimulator.Tests.CalculatorTests" runstate="Runnable" testcasecount="1" result="Passed" start-time="2018-08-28 21:37:05Z" end-time="2018-08-28 21:37:05Z" duration="0.000922" total="1" passed="1" failed="0" warnings="0" inconclusive="0" skipped="0" asserts="1">
            <test-case id="2-1003" name="Min(1,2)" fullname="NetSimulator.Tests.CalculatorTests.Min(1,2)" methodname="Min" classname="NetSimulator.Tests.CalculatorTests" runstate="Runnable" seed="1350013891" result="Passed" start-time="2018-08-28 21:37:05Z" end-time="2018-08-28 21:37:05Z" duration="0.000842" asserts="1" />
          </test-suite>
        </test-suite>
        <test-suite type="TestFixture" id="2-1010" name="TokenizerTests" fullname="NetSimulator.Tests.TokenizerTests" classname="NetSimulator.Tests.TokenizerTests" runstate="Runnable" testcasecount="1" result="Passed" start-time="2018-08-28 21:37:05Z" end-time="2018-08-28 21:37:05Z" duration="0.005212" total="1" passed="1" failed="0" warnings="0" inconclusive="0" skipped="0" asserts="1">
          <test-suite type="ParameterizedMethod" id="2-1012" name="Split" fullname="NetSimulator.Tests.TokenizerTests.Split" classname="NetSimulator.Tests.TokenizerTests" runstate="Runnable" testcasecount="1" result="Passed" start-time="2018-08-28 21:37:05Z" end-time="2018-08-28 21:37:05Z" duration="0.005114" total="1" passed="1" failed="0" warnings="0" inconclusive="0" skipped="0" asserts="1">
            <test-case id="2-1011" name="Split(&quot;1,2,3&quot;)" fullname="NetSimulator.Tests.TokenizerTests.Split(&quot;1,2,3&quot;)" methodname="Split" classname="NetSimulator.Tests.TokenizerTests" runstate="Runnable" seed="769999708" result="Passed" start-time="2018-08-28 21:37:05Z" end-time="2018-08-28 21:37:05Z" duration="0.005025" asserts="1" />
          </test-suite>
        </test-suite>
      </test-suite>
    </test-suite>
  </test-suite>
  <test-suite type="Assembly" id="3-1013" name="NetSimulator.Tests.dll" fullname="D:\Dev\Projects\Heleonix\Heleonix.Build\NetSimulator\NetSimulator.Tests\bin\Debug\net452\publish\NetSimulator.Tests.dll" runstate="Runnable" testcasecount="7" result="Failed" site="Child" start-time="2018-08-28 21:37:04Z" end-time="2018-08-28 21:37:05Z" duration="0.359465" total="7" passed="5" failed="2" warnings="0" inconclusive="0" skipped="0" asserts="6">
    <environment framework-version="3.9.0.0" clr-version="4.0.30319.42000" os-version="Microsoft Windows NT 10.0.17134.0" platform="Win32NT" cwd="C:\Program Files (x86)\Microsoft Visual Studio\2017\Community\Common7\IDE" machine-name="HWOARANG" user="HWOARANG" user-domain="HWOARANG" culture="uk-UA" uiculture="en-US" os-architecture="x64" />
    <settings>
      <setting name="DisposeRunners" value="True" />
      <setting name="WorkDirectory" value="C:\Program Files (x86)\Microsoft Visual Studio\2017\Community\Common7\IDE" />
      <setting name="MaxAgents" value="3" />
      <setting name="ImageRuntimeVersion" value="4.0.30319" />
      <setting name="ImageTargetFrameworkName" value=".NETFramework,Version=v4.5.2" />
      <setting name="ImageRequiresX86" value="False" />
      <setting name="ImageRequiresDefaultAppDomainAssemblyResolver" value="False" />
      <setting name="NumberOfTestWorkers" value="8" />
    </settings>
    <properties>
      <property name="_PID" value="14124" />
      <property name="_APPDOMAIN" value="domain-bbe48ccb-NetSimulator.Tests.dll" />
    </properties>
    <failure>
      <message><![CDATA[One or more child tests had errors]]></message>
    </failure>
    <test-suite type="TestSuite" id="3-1014" name="NetSimulator" fullname="NetSimulator" runstate="Runnable" testcasecount="7" result="Failed" site="Child" start-time="2018-08-28 21:37:04Z" end-time="2018-08-28 21:37:05Z" duration="0.277241" total="7" passed="5" failed="2" warnings="0" inconclusive="0" skipped="0" asserts="6">
      <failure>
        <message><![CDATA[One or more child tests had errors]]></message>
      </failure>
      <test-suite type="TestFixture" id="3-1000" name="FullyCoveredTypeTests" fullname="NetSimulator.FullyCoveredTypeTests" classname="NetSimulator.FullyCoveredTypeTests" runstate="Runnable" testcasecount="1" result="Passed" start-time="2018-08-28 21:37:04Z" end-time="2018-08-28 21:37:04Z" duration="0.055482" total="1" passed="1" failed="0" warnings="0" inconclusive="0" skipped="0" asserts="0">
        <test-case id="3-1001" name="PlusOne" fullname="NetSimulator.FullyCoveredTypeTests.PlusOne" methodname="PlusOne" classname="NetSimulator.FullyCoveredTypeTests" runstate="Runnable" seed="787166662" result="Passed" start-time="2018-08-28 21:37:04Z" end-time="2018-08-28 21:37:04Z" duration="0.023182" asserts="0" />
      </test-suite>
      <test-suite type="TestSuite" id="3-1015" name="Tests" fullname="NetSimulator.Tests" runstate="Runnable" testcasecount="6" result="Failed" site="Child" start-time="2018-08-28 21:37:04Z" end-time="2018-08-28 21:37:05Z" duration="0.274250" total="6" passed="4" failed="2" warnings="0" inconclusive="0" skipped="0" asserts="6">
        <failure>
          <message><![CDATA[One or more child tests had errors]]></message>
        </failure>
        <test-suite type="TestFixture" id="3-1002" name="CalculatorTests" fullname="NetSimulator.Tests.CalculatorTests" classname="NetSimulator.Tests.CalculatorTests" runstate="Runnable" testcasecount="5" result="Failed" site="Child" start-time="2018-08-28 21:37:04Z" end-time="2018-08-28 21:37:05Z" duration="0.184464" total="5" passed="3" failed="2" warnings="0" inconclusive="0" skipped="0" asserts="5">
          <failure>
            <message><![CDATA[One or more child tests had errors]]></message>
          </failure>
          <test-suite type="ParameterizedMethod" id="3-1009" name="Add" fullname="NetSimulator.Tests.CalculatorTests.Add" classname="NetSimulator.Tests.CalculatorTests" runstate="Runnable" testcasecount="4" result="Failed" site="Child" start-time="2018-08-28 21:37:04Z" end-time="2018-08-28 21:37:05Z" duration="0.183382" total="4" passed="2" failed="2" warnings="0" inconclusive="0" skipped="0" asserts="4">
            <failure>
              <message><![CDATA[One or more child tests had errors]]></message>
            </failure>
            <test-case id="3-1005" name="Add(1,2)" fullname="NetSimulator.Tests.CalculatorTests.Add(1,2)" methodname="Add" classname="NetSimulator.Tests.CalculatorTests" runstate="Runnable" seed="841190924" result="Passed" start-time="2018-08-28 21:37:04Z" end-time="2018-08-28 21:37:05Z" duration="0.055846" asserts="1" />
            <test-case id="3-1006" name="Add(2,2)" fullname="NetSimulator.Tests.CalculatorTests.Add(2,2)" methodname="Add" classname="NetSimulator.Tests.CalculatorTests" runstate="Runnable" seed="261158603" result="Passed" start-time="2018-08-28 21:37:05Z" end-time="2018-08-28 21:37:05Z" duration="0.000334" asserts="1" />
            <test-case id="3-1007" name="Add(3,2)" fullname="NetSimulator.Tests.CalculatorTests.Add(3,2)" methodname="Add" classname="NetSimulator.Tests.CalculatorTests" runstate="Runnable" seed="1191160173" result="Failed" start-time="2018-08-28 21:37:05Z" end-time="2018-08-28 21:37:05Z" duration="0.121937" asserts="1">
              <failure>
                <message><![CDATA[  Expected: 10
  But was:  5
]]></message>
                <stack-trace><![CDATA[   at NUnit.Framework.Internal.Commands.TestMethodCommand.Execute(TestExecutionContext context)
   at NUnit.Framework.Internal.Execution.SimpleWorkItem.PerformWork()
]]></stack-trace>
              </failure>
              <assertions>
                <assertion result="Failed">
                  <message><![CDATA[  Expected: 10
  But was:  5
]]></message>
                  <stack-trace><![CDATA[   at NUnit.Framework.Internal.Commands.TestMethodCommand.Execute(TestExecutionContext context)
   at NUnit.Framework.Internal.Execution.SimpleWorkItem.PerformWork()
]]></stack-trace>
                </assertion>
              </assertions>
            </test-case>
            <test-case id="3-1008" name="Add(3,2)" fullname="NetSimulator.Tests.CalculatorTests.Add(3,2)" methodname="Add" classname="NetSimulator.Tests.CalculatorTests" runstate="Runnable" seed="421570245" result="Failed" start-time="2018-08-28 21:37:05Z" end-time="2018-08-28 21:37:05Z" duration="0.000531" asserts="1">
              <failure>
                <message><![CDATA[  Expected: 20
  But was:  5
]]></message>
                <stack-trace><![CDATA[   at NUnit.Framework.Internal.Commands.TestMethodCommand.Execute(TestExecutionContext context)
   at NUnit.Framework.Internal.Execution.SimpleWorkItem.PerformWork()
]]></stack-trace>
              </failure>
              <assertions>
                <assertion result="Failed">
                  <message><![CDATA[  Expected: 20
  But was:  5
]]></message>
                  <stack-trace><![CDATA[   at NUnit.Framework.Internal.Commands.TestMethodCommand.Execute(TestExecutionContext context)
   at NUnit.Framework.Internal.Execution.SimpleWorkItem.PerformWork()
]]></stack-trace>
                </assertion>
              </assertions>
            </test-case>
          </test-suite>
          <test-suite type="ParameterizedMethod" id="3-1004" name="Min" fullname="NetSimulator.Tests.CalculatorTests.Min" classname="NetSimulator.Tests.CalculatorTests" runstate="Runnable" testcasecount="1" result="Passed" start-time="2018-08-28 21:37:05Z" end-time="2018-08-28 21:37:05Z" duration="0.000884" total="1" passed="1" failed="0" warnings="0" inconclusive="0" skipped="0" asserts="1">
            <test-case id="3-1003" name="Min(1,2)" fullname="NetSimulator.Tests.CalculatorTests.Min(1,2)" methodname="Min" classname="NetSimulator.Tests.CalculatorTests" runstate="Runnable" seed="1350013891" result="Passed" start-time="2018-08-28 21:37:05Z" end-time="2018-08-28 21:37:05Z" duration="0.000797" asserts="1" />
          </test-suite>
        </test-suite>
        <test-suite type="TestFixture" id="3-1010" name="TokenizerTests" fullname="NetSimulator.Tests.TokenizerTests" classname="NetSimulator.Tests.TokenizerTests" runstate="Runnable" testcasecount="1" result="Passed" start-time="2018-08-28 21:37:05Z" end-time="2018-08-28 21:37:05Z" duration="0.004705" total="1" passed="1" failed="0" warnings="0" inconclusive="0" skipped="0" asserts="1">
          <test-suite type="ParameterizedMethod" id="3-1012" name="Split" fullname="NetSimulator.Tests.TokenizerTests.Split" classname="NetSimulator.Tests.TokenizerTests" runstate="Runnable" testcasecount="1" result="Passed" start-time="2018-08-28 21:37:05Z" end-time="2018-08-28 21:37:05Z" duration="0.004602" total="1" passed="1" failed="0" warnings="0" inconclusive="0" skipped="0" asserts="1">
            <test-case id="3-1011" name="Split(&quot;1,2,3&quot;)" fullname="NetSimulator.Tests.TokenizerTests.Split(&quot;1,2,3&quot;)" methodname="Split" classname="NetSimulator.Tests.TokenizerTests" runstate="Runnable" seed="769999708" result="Passed" start-time="2018-08-28 21:37:05Z" end-time="2018-08-28 21:37:05Z" duration="0.004512" asserts="1" />
          </test-suite>
        </test-suite>
      </test-suite>
    </test-suite>
  </test-suite>
  <test-suite type="Assembly" id="4-1013" name="NetSimulator.Tests.dll" fullname="D:\Dev\Projects\Heleonix\Heleonix.Build\NetSimulator\NetSimulator.Tests\bin\Debug\net46\publish\NetSimulator.Tests.dll" runstate="Runnable" testcasecount="7" result="Failed" site="Child" start-time="2018-08-28 21:37:07Z" end-time="2018-08-28 21:37:07Z" duration="0.297836" total="7" passed="5" failed="2" warnings="0" inconclusive="0" skipped="0" asserts="6">
    <environment framework-version="3.9.0.0" clr-version="4.0.30319.42000" os-version="Microsoft Windows NT 10.0.17134.0" platform="Win32NT" cwd="C:\Program Files (x86)\Microsoft Visual Studio\2017\Community\Common7\IDE" machine-name="HWOARANG" user="HWOARANG" user-domain="HWOARANG" culture="uk-UA" uiculture="en-US" os-architecture="x64" />
    <settings>
      <setting name="DisposeRunners" value="True" />
      <setting name="WorkDirectory" value="C:\Program Files (x86)\Microsoft Visual Studio\2017\Community\Common7\IDE" />
      <setting name="MaxAgents" value="3" />
      <setting name="ImageRuntimeVersion" value="4.0.30319" />
      <setting name="ImageTargetFrameworkName" value=".NETFramework,Version=v4.6" />
      <setting name="ImageRequiresX86" value="False" />
      <setting name="ImageRequiresDefaultAppDomainAssemblyResolver" value="False" />
      <setting name="NumberOfTestWorkers" value="8" />
    </settings>
    <properties>
      <property name="_PID" value="1400" />
      <property name="_APPDOMAIN" value="domain-bbe48ccb-NetSimulator.Tests.dll" />
    </properties>
    <failure>
      <message><![CDATA[One or more child tests had errors]]></message>
    </failure>
    <test-suite type="TestSuite" id="4-1014" name="NetSimulator" fullname="NetSimulator" runstate="Runnable" testcasecount="7" result="Failed" site="Child" start-time="2018-08-28 21:37:07Z" end-time="2018-08-28 21:37:07Z" duration="0.248566" total="7" passed="5" failed="2" warnings="0" inconclusive="0" skipped="0" asserts="6">
      <failure>
        <message><![CDATA[One or more child tests had errors]]></message>
      </failure>
      <test-suite type="TestFixture" id="4-1000" name="FullyCoveredTypeTests" fullname="NetSimulator.FullyCoveredTypeTests" classname="NetSimulator.FullyCoveredTypeTests" runstate="Runnable" testcasecount="1" result="Passed" start-time="2018-08-28 21:37:07Z" end-time="2018-08-28 21:37:07Z" duration="0.052194" total="1" passed="1" failed="0" warnings="0" inconclusive="0" skipped="0" asserts="0">
        <test-case id="4-1001" name="PlusOne" fullname="NetSimulator.FullyCoveredTypeTests.PlusOne" methodname="PlusOne" classname="NetSimulator.FullyCoveredTypeTests" runstate="Runnable" seed="215132700" result="Passed" start-time="2018-08-28 21:37:07Z" end-time="2018-08-28 21:37:07Z" duration="0.019214" asserts="0" />
      </test-suite>
      <test-suite type="TestSuite" id="4-1015" name="Tests" fullname="NetSimulator.Tests" runstate="Runnable" testcasecount="6" result="Failed" site="Child" start-time="2018-08-28 21:37:07Z" end-time="2018-08-28 21:37:07Z" duration="0.246641" total="6" passed="4" failed="2" warnings="0" inconclusive="0" skipped="0" asserts="6">
        <failure>
          <message><![CDATA[One or more child tests had errors]]></message>
        </failure>
        <test-suite type="TestFixture" id="4-1002" name="CalculatorTests" fullname="NetSimulator.Tests.CalculatorTests" classname="NetSimulator.Tests.CalculatorTests" runstate="Runnable" testcasecount="5" result="Failed" site="Child" start-time="2018-08-28 21:37:07Z" end-time="2018-08-28 21:37:07Z" duration="0.164655" total="5" passed="3" failed="2" warnings="0" inconclusive="0" skipped="0" asserts="5">
          <failure>
            <message><![CDATA[One or more child tests had errors]]></message>
          </failure>
          <test-suite type="ParameterizedMethod" id="4-1009" name="Add" fullname="NetSimulator.Tests.CalculatorTests.Add" classname="NetSimulator.Tests.CalculatorTests" runstate="Runnable" testcasecount="4" result="Failed" site="Child" start-time="2018-08-28 21:37:07Z" end-time="2018-08-28 21:37:07Z" duration="0.163663" total="4" passed="2" failed="2" warnings="0" inconclusive="0" skipped="0" asserts="4">
            <failure>
              <message><![CDATA[One or more child tests had errors]]></message>
            </failure>
            <test-case id="4-1005" name="Add(1,2)" fullname="NetSimulator.Tests.CalculatorTests.Add(1,2)" methodname="Add" classname="NetSimulator.Tests.CalculatorTests" runstate="Runnable" seed="761037323" result="Passed" start-time="2018-08-28 21:37:07Z" end-time="2018-08-28 21:37:07Z" duration="0.056143" asserts="1" />
            <test-case id="4-1006" name="Add(2,2)" fullname="NetSimulator.Tests.CalculatorTests.Add(2,2)" methodname="Add" classname="NetSimulator.Tests.CalculatorTests" runstate="Runnable" seed="1913761700" result="Passed" start-time="2018-08-28 21:37:07Z" end-time="2018-08-28 21:37:07Z" duration="0.000244" asserts="1" />
            <test-case id="4-1007" name="Add(3,2)" fullname="NetSimulator.Tests.CalculatorTests.Add(3,2)" methodname="Add" classname="NetSimulator.Tests.CalculatorTests" runstate="Runnable" seed="2134574941" result="Failed" start-time="2018-08-28 21:37:07Z" end-time="2018-08-28 21:37:07Z" duration="0.105812" asserts="1">
              <failure>
                <message><![CDATA[  Expected: 10
  But was:  5
]]></message>
                <stack-trace><![CDATA[   at NUnit.Framework.Internal.Commands.TestMethodCommand.Execute(TestExecutionContext context)
   at NUnit.Framework.Internal.Execution.SimpleWorkItem.PerformWork()
]]></stack-trace>
              </failure>
              <assertions>
                <assertion result="Failed">
                  <message><![CDATA[  Expected: 10
  But was:  5
]]></message>
                  <stack-trace><![CDATA[   at NUnit.Framework.Internal.Commands.TestMethodCommand.Execute(TestExecutionContext context)
   at NUnit.Framework.Internal.Execution.SimpleWorkItem.PerformWork()
]]></stack-trace>
                </assertion>
              </assertions>
            </test-case>
            <test-case id="4-1008" name="Add(3,2)" fullname="NetSimulator.Tests.CalculatorTests.Add(3,2)" methodname="Add" classname="NetSimulator.Tests.CalculatorTests" runstate="Runnable" seed="1106243289" result="Failed" start-time="2018-08-28 21:37:07Z" end-time="2018-08-28 21:37:07Z" duration="0.000441" asserts="1">
              <failure>
                <message><![CDATA[  Expected: 20
  But was:  5
]]></message>
                <stack-trace><![CDATA[   at NUnit.Framework.Internal.Commands.TestMethodCommand.Execute(TestExecutionContext context)
   at NUnit.Framework.Internal.Execution.SimpleWorkItem.PerformWork()
]]></stack-trace>
              </failure>
              <assertions>
                <assertion result="Failed">
                  <message><![CDATA[  Expected: 20
  But was:  5
]]></message>
                  <stack-trace><![CDATA[   at NUnit.Framework.Internal.Commands.TestMethodCommand.Execute(TestExecutionContext context)
   at NUnit.Framework.Internal.Execution.SimpleWorkItem.PerformWork()
]]></stack-trace>
                </assertion>
              </assertions>
            </test-case>
          </test-suite>
          <test-suite type="ParameterizedMethod" id="4-1004" name="Min" fullname="NetSimulator.Tests.CalculatorTests.Min" classname="NetSimulator.Tests.CalculatorTests" runstate="Runnable" testcasecount="1" result="Passed" start-time="2018-08-28 21:37:07Z" end-time="2018-08-28 21:37:07Z" duration="0.000821" total="1" passed="1" failed="0" warnings="0" inconclusive="0" skipped="0" asserts="1">
            <test-case id="4-1003" name="Min(1,2)" fullname="NetSimulator.Tests.CalculatorTests.Min(1,2)" methodname="Min" classname="NetSimulator.Tests.CalculatorTests" runstate="Runnable" seed="626401594" result="Passed" start-time="2018-08-28 21:37:07Z" end-time="2018-08-28 21:37:07Z" duration="0.000747" asserts="1" />
          </test-suite>
        </test-suite>
        <test-suite type="TestFixture" id="4-1010" name="TokenizerTests" fullname="NetSimulator.Tests.TokenizerTests" classname="NetSimulator.Tests.TokenizerTests" runstate="Runnable" testcasecount="1" result="Passed" start-time="2018-08-28 21:37:07Z" end-time="2018-08-28 21:37:07Z" duration="0.004288" total="1" passed="1" failed="0" warnings="0" inconclusive="0" skipped="0" asserts="1">
          <test-suite type="ParameterizedMethod" id="4-1012" name="Split" fullname="NetSimulator.Tests.TokenizerTests.Split" classname="NetSimulator.Tests.TokenizerTests" runstate="Runnable" testcasecount="1" result="Passed" start-time="2018-08-28 21:37:07Z" end-time="2018-08-28 21:37:07Z" duration="0.004206" total="1" passed="1" failed="0" warnings="0" inconclusive="0" skipped="0" asserts="1">
            <test-case id="4-1011" name="Split(&quot;1,2,3&quot;)" fullname="NetSimulator.Tests.TokenizerTests.Split(&quot;1,2,3&quot;)" methodname="Split" classname="NetSimulator.Tests.TokenizerTests" runstate="Runnable" seed="1941620631" result="Passed" start-time="2018-08-28 21:37:07Z" end-time="2018-08-28 21:37:07Z" duration="0.004137" asserts="1" />
          </test-suite>
        </test-suite>
      </test-suite>
    </test-suite>
  </test-suite>
  <test-suite type="Assembly" id="5-1013" name="NetSimulator.Tests.dll" fullname="D:\Dev\Projects\Heleonix\Heleonix.Build\NetSimulator\NetSimulator.Tests\bin\Debug\net472\publish\NetSimulator.Tests.dll" runstate="Runnable" testcasecount="7" result="Failed" site="Child" start-time="2018-08-28 21:37:07Z" end-time="2018-08-28 21:37:07Z" duration="0.431180" total="7" passed="5" failed="2" warnings="0" inconclusive="0" skipped="0" asserts="6">
    <environment framework-version="3.9.0.0" clr-version="4.0.30319.42000" os-version="Microsoft Windows NT 10.0.17134.0" platform="Win32NT" cwd="C:\Program Files (x86)\Microsoft Visual Studio\2017\Community\Common7\IDE" machine-name="HWOARANG" user="HWOARANG" user-domain="HWOARANG" culture="uk-UA" uiculture="en-US" os-architecture="x64" />
    <settings>
      <setting name="DisposeRunners" value="True" />
      <setting name="WorkDirectory" value="C:\Program Files (x86)\Microsoft Visual Studio\2017\Community\Common7\IDE" />
      <setting name="MaxAgents" value="3" />
      <setting name="ImageRuntimeVersion" value="4.0.30319" />
      <setting name="ImageTargetFrameworkName" value=".NETFramework,Version=v4.7.2" />
      <setting name="ImageRequiresX86" value="False" />
      <setting name="ImageRequiresDefaultAppDomainAssemblyResolver" value="False" />
      <setting name="NumberOfTestWorkers" value="8" />
    </settings>
    <properties>
      <property name="_PID" value="6780" />
      <property name="_APPDOMAIN" value="domain-bbe48ccb-NetSimulator.Tests.dll" />
    </properties>
    <failure>
      <message><![CDATA[One or more child tests had errors]]></message>
    </failure>
    <test-suite type="TestSuite" id="5-1014" name="NetSimulator" fullname="NetSimulator" runstate="Runnable" testcasecount="7" result="Failed" site="Child" start-time="2018-08-28 21:37:07Z" end-time="2018-08-28 21:37:07Z" duration="0.382574" total="7" passed="5" failed="2" warnings="0" inconclusive="0" skipped="0" asserts="6">
      <failure>
        <message><![CDATA[One or more child tests had errors]]></message>
      </failure>
      <test-suite type="TestFixture" id="5-1000" name="FullyCoveredTypeTests" fullname="NetSimulator.FullyCoveredTypeTests" classname="NetSimulator.FullyCoveredTypeTests" runstate="Runnable" testcasecount="1" result="Passed" start-time="2018-08-28 21:37:07Z" end-time="2018-08-28 21:37:07Z" duration="0.070363" total="1" passed="1" failed="0" warnings="0" inconclusive="0" skipped="0" asserts="0">
        <test-case id="5-1001" name="PlusOne" fullname="NetSimulator.FullyCoveredTypeTests.PlusOne" methodname="PlusOne" classname="NetSimulator.FullyCoveredTypeTests" runstate="Runnable" seed="923856171" result="Passed" start-time="2018-08-28 21:37:07Z" end-time="2018-08-28 21:37:07Z" duration="0.033447" asserts="0" />
      </test-suite>
      <test-suite type="TestSuite" id="5-1015" name="Tests" fullname="NetSimulator.Tests" runstate="Runnable" testcasecount="6" result="Failed" site="Child" start-time="2018-08-28 21:37:07Z" end-time="2018-08-28 21:37:07Z" duration="0.380689" total="6" passed="4" failed="2" warnings="0" inconclusive="0" skipped="0" asserts="6">
        <failure>
          <message><![CDATA[One or more child tests had errors]]></message>
        </failure>
        <test-suite type="TestFixture" id="5-1002" name="CalculatorTests" fullname="NetSimulator.Tests.CalculatorTests" classname="NetSimulator.Tests.CalculatorTests" runstate="Runnable" testcasecount="5" result="Failed" site="Child" start-time="2018-08-28 21:37:07Z" end-time="2018-08-28 21:37:07Z" duration="0.275999" total="5" passed="3" failed="2" warnings="0" inconclusive="0" skipped="0" asserts="5">
          <failure>
            <message><![CDATA[One or more child tests had errors]]></message>
          </failure>
          <test-suite type="ParameterizedMethod" id="5-1009" name="Add" fullname="NetSimulator.Tests.CalculatorTests.Add" classname="NetSimulator.Tests.CalculatorTests" runstate="Runnable" testcasecount="4" result="Failed" site="Child" start-time="2018-08-28 21:37:07Z" end-time="2018-08-28 21:37:07Z" duration="0.274859" total="4" passed="2" failed="2" warnings="0" inconclusive="0" skipped="0" asserts="4">
            <failure>
              <message><![CDATA[One or more child tests had errors]]></message>
            </failure>
            <test-case id="5-1005" name="Add(1,2)" fullname="NetSimulator.Tests.CalculatorTests.Add(1,2)" methodname="Add" classname="NetSimulator.Tests.CalculatorTests" runstate="Runnable" seed="400727731" result="Passed" start-time="2018-08-28 21:37:07Z" end-time="2018-08-28 21:37:07Z" duration="0.051681" asserts="1" />
            <test-case id="5-1006" name="Add(2,2)" fullname="NetSimulator.Tests.CalculatorTests.Add(2,2)" methodname="Add" classname="NetSimulator.Tests.CalculatorTests" runstate="Runnable" seed="1953727375" result="Passed" start-time="2018-08-28 21:37:07Z" end-time="2018-08-28 21:37:07Z" duration="0.000265" asserts="1" />
            <test-case id="5-1007" name="Add(3,2)" fullname="NetSimulator.Tests.CalculatorTests.Add(3,2)" methodname="Add" classname="NetSimulator.Tests.CalculatorTests" runstate="Runnable" seed="754814550" result="Failed" start-time="2018-08-28 21:37:07Z" end-time="2018-08-28 21:37:07Z" duration="0.221261" asserts="1">
              <failure>
                <message><![CDATA[  Expected: 10
  But was:  5
]]></message>
                <stack-trace><![CDATA[   at NUnit.Framework.Internal.Commands.TestMethodCommand.Execute(TestExecutionContext context)
   at NUnit.Framework.Internal.Execution.SimpleWorkItem.PerformWork()
]]></stack-trace>
              </failure>
              <assertions>
                <assertion result="Failed">
                  <message><![CDATA[  Expected: 10
  But was:  5
]]></message>
                  <stack-trace><![CDATA[   at NUnit.Framework.Internal.Commands.TestMethodCommand.Execute(TestExecutionContext context)
   at NUnit.Framework.Internal.Execution.SimpleWorkItem.PerformWork()
]]></stack-trace>
                </assertion>
              </assertions>
            </test-case>
            <test-case id="5-1008" name="Add(3,2)" fullname="NetSimulator.Tests.CalculatorTests.Add(3,2)" methodname="Add" classname="NetSimulator.Tests.CalculatorTests" runstate="Runnable" seed="1745800564" result="Failed" start-time="2018-08-28 21:37:07Z" end-time="2018-08-28 21:37:07Z" duration="0.000590" asserts="1">
              <failure>
                <message><![CDATA[  Expected: 20
  But was:  5
]]></message>
                <stack-trace><![CDATA[   at NUnit.Framework.Internal.Commands.TestMethodCommand.Execute(TestExecutionContext context)
   at NUnit.Framework.Internal.Execution.SimpleWorkItem.PerformWork()
]]></stack-trace>
              </failure>
              <assertions>
                <assertion result="Failed">
                  <message><![CDATA[  Expected: 20
  But was:  5
]]></message>
                  <stack-trace><![CDATA[   at NUnit.Framework.Internal.Commands.TestMethodCommand.Execute(TestExecutionContext context)
   at NUnit.Framework.Internal.Execution.SimpleWorkItem.PerformWork()
]]></stack-trace>
                </assertion>
              </assertions>
            </test-case>
          </test-suite>
          <test-suite type="ParameterizedMethod" id="5-1004" name="Min" fullname="NetSimulator.Tests.CalculatorTests.Min" classname="NetSimulator.Tests.CalculatorTests" runstate="Runnable" testcasecount="1" result="Passed" start-time="2018-08-28 21:37:07Z" end-time="2018-08-28 21:37:07Z" duration="0.000959" total="1" passed="1" failed="0" warnings="0" inconclusive="0" skipped="0" asserts="1">
            <test-case id="5-1003" name="Min(1,2)" fullname="NetSimulator.Tests.CalculatorTests.Min(1,2)" methodname="Min" classname="NetSimulator.Tests.CalculatorTests" runstate="Runnable" seed="315457366" result="Passed" start-time="2018-08-28 21:37:07Z" end-time="2018-08-28 21:37:07Z" duration="0.000878" asserts="1" />
          </test-suite>
        </test-suite>
        <test-suite type="TestFixture" id="5-1010" name="TokenizerTests" fullname="NetSimulator.Tests.TokenizerTests" classname="NetSimulator.Tests.TokenizerTests" runstate="Runnable" testcasecount="1" result="Passed" start-time="2018-08-28 21:37:07Z" end-time="2018-08-28 21:37:07Z" duration="0.004597" total="1" passed="1" failed="0" warnings="0" inconclusive="0" skipped="0" asserts="1">
          <test-suite type="ParameterizedMethod" id="5-1012" name="Split" fullname="NetSimulator.Tests.TokenizerTests.Split" classname="NetSimulator.Tests.TokenizerTests" runstate="Runnable" testcasecount="1" result="Passed" start-time="2018-08-28 21:37:07Z" end-time="2018-08-28 21:37:07Z" duration="0.004485" total="1" passed="1" failed="0" warnings="0" inconclusive="0" skipped="0" asserts="1">
            <test-case id="5-1011" name="Split(&quot;1,2,3&quot;)" fullname="NetSimulator.Tests.TokenizerTests.Split(&quot;1,2,3&quot;)" methodname="Split" classname="NetSimulator.Tests.TokenizerTests" runstate="Runnable" seed="665206717" result="Passed" start-time="2018-08-28 21:37:07Z" end-time="2018-08-28 21:37:07Z" duration="0.004386" asserts="1" />
          </test-suite>
        </test-suite>
      </test-suite>
    </test-suite>
  </test-suite>
</test-run>